2026-03-05 15:07:14,549 [INFO] ============================================================
2026-03-05 15:07:14,549 [INFO] Загрузка словарей из task2 ...
2026-03-05 15:07:14,666 [INFO] Токенов в словаре: 11775
2026-03-05 15:07:14,666 [INFO] Лемм в словаре:    6558
2026-03-05 15:07:14,666 [INFO] Документов:        100
2026-03-05 15:07:14,666 [INFO] ============================================================
2026-03-05 15:07:14,757 [INFO] Прочитан 001.html: 1458 уникальных токенов, 3628 всего
2026-03-05 15:07:14,850 [INFO] Прочитан 002.html: 1412 уникальных токенов, 3468 всего
2026-03-05 15:07:14,925 [INFO] Прочитан 003.html: 1014 уникальных токенов, 2633 всего
2026-03-05 15:07:14,970 [INFO] Прочитан 004.html: 698 уникальных токенов, 1360 всего
2026-03-05 15:07:15,065 [INFO] Прочитан 005.html: 1436 уникальных токенов, 3687 всего
2026-03-05 15:07:15,149 [INFO] Прочитан 006.html: 1431 уникальных токенов, 3751 всего
2026-03-05 15:07:15,245 [INFO] Прочитан 007.html: 1527 уникальных токенов, 3740 всего
2026-03-05 15:07:15,328 [INFO] Прочитан 008.html: 1392 уникальных токенов, 3512 всего
2026-03-05 15:07:15,412 [INFO] Прочитан 009.html: 1432 уникальных токенов, 3527 всего
2026-03-05 15:07:15,509 [INFO] Прочитан 010.html: 1488 уникальных токенов, 3615 всего
2026-03-05 15:07:15,512 [INFO] Прочитан 011.html: 57 уникальных токенов, 72 всего
2026-03-05 15:07:15,596 [INFO] Прочитан 012.html: 1551 уникальных токенов, 3628 всего
2026-03-05 15:07:15,685 [INFO] Прочитан 013.html: 1255 уникальных токенов, 2890 всего
2026-03-05 15:07:15,774 [INFO] Прочитан 014.html: 1277 уникальных токенов, 3338 всего
2026-03-05 15:07:15,820 [INFO] Прочитан 015.html: 834 уникальных токенов, 2616 всего
2026-03-05 15:07:15,843 [INFO] Прочитан 016.html: 470 уникальных токенов, 674 всего
2026-03-05 15:07:15,868 [INFO] Прочитан 017.html: 643 уникальных токенов, 988 всего
2026-03-05 15:07:15,899 [INFO] Прочитан 018.html: 685 уникальных токенов, 936 всего
2026-03-05 15:07:15,942 [INFO] Прочитан 019.html: 598 уникальных токенов, 737 всего
2026-03-05 15:07:16,041 [INFO] Прочитан 020.html: 1647 уникальных токенов, 3524 всего
2026-03-05 15:07:16,073 [INFO] Прочитан 021.html: 366 уникальных токенов, 467 всего
2026-03-05 15:07:16,075 [INFO] Прочитан 022.html: 55 уникальных токенов, 71 всего
2026-03-05 15:07:16,078 [INFO] Прочитан 023.html: 55 уникальных токенов, 71 всего
2026-03-05 15:07:16,080 [INFO] Прочитан 024.html: 63 уникальных токенов, 76 всего
2026-03-05 15:07:16,096 [INFO] Прочитан 025.html: 541 уникальных токенов, 665 всего
2026-03-05 15:07:16,191 [INFO] Прочитан 026.html: 1201 уникальных токенов, 3079 всего
2026-03-05 15:07:16,278 [INFO] Прочитан 027.html: 1356 уникальных токенов, 3508 всего
2026-03-05 15:07:16,365 [INFO] Прочитан 028.html: 1463 уникальных токенов, 3647 всего
2026-03-05 15:07:16,469 [INFO] Прочитан 029.html: 1358 уникальных токенов, 3538 всего
2026-03-05 15:07:16,625 [INFO] Прочитан 030.html: 1432 уникальных токенов, 3552 всего
2026-03-05 15:07:16,793 [INFO] Прочитан 031.html: 1535 уникальных токенов, 3769 всего
2026-03-05 15:07:16,884 [INFO] Прочитан 032.html: 1459 уникальных токенов, 3643 всего
2026-03-05 15:07:16,974 [INFO] Прочитан 033.html: 1368 уникальных токенов, 3500 всего
2026-03-05 15:07:17,111 [INFO] Прочитан 034.html: 1454 уникальных токенов, 3543 всего
2026-03-05 15:07:17,293 [INFO] Прочитан 035.html: 1442 уникальных токенов, 3685 всего
2026-03-05 15:07:17,448 [INFO] Прочитан 036.html: 1362 уникальных токенов, 3488 всего
2026-03-05 15:07:17,586 [INFO] Прочитан 037.html: 1542 уникальных токенов, 3609 всего
2026-03-05 15:07:17,763 [INFO] Прочитан 038.html: 1401 уникальных токенов, 3590 всего
2026-03-05 15:07:17,937 [INFO] Прочитан 039.html: 1421 уникальных токенов, 3557 всего
2026-03-05 15:07:18,068 [INFO] Прочитан 040.html: 1401 уникальных токенов, 3464 всего
2026-03-05 15:07:18,227 [INFO] Прочитан 041.html: 1270 уникальных токенов, 3120 всего
2026-03-05 15:07:18,386 [INFO] Прочитан 042.html: 1366 уникальных токенов, 3627 всего
2026-03-05 15:07:18,536 [INFO] Прочитан 043.html: 1374 уникальных токенов, 3613 всего
2026-03-05 15:07:18,749 [INFO] Прочитан 044.html: 1469 уникальных токенов, 3610 всего
2026-03-05 15:07:18,920 [INFO] Прочитан 045.html: 1460 уникальных токенов, 3644 всего
2026-03-05 15:07:19,094 [INFO] Прочитан 046.html: 1484 уникальных токенов, 3642 всего
2026-03-05 15:07:19,216 [INFO] Прочитан 047.html: 1399 уникальных токенов, 3496 всего
2026-03-05 15:07:19,380 [INFO] Прочитан 048.html: 1394 уникальных токенов, 3479 всего
2026-03-05 15:07:19,557 [INFO] Прочитан 049.html: 1535 уникальных токенов, 3688 всего
2026-03-05 15:07:19,673 [INFO] Прочитан 050.html: 1436 уникальных токенов, 3670 всего
2026-03-05 15:07:19,807 [INFO] Прочитан 051.html: 1305 уникальных токенов, 3160 всего
2026-03-05 15:07:19,944 [INFO] Прочитан 052.html: 1467 уникальных токенов, 3650 всего
2026-03-05 15:07:20,061 [INFO] Прочитан 053.html: 1464 уникальных токенов, 3659 всего
2026-03-05 15:07:20,237 [INFO] Прочитан 054.html: 1340 уникальных токенов, 3424 всего
2026-03-05 15:07:20,360 [INFO] Прочитан 055.html: 1435 уникальных токенов, 3531 всего
2026-03-05 15:07:20,500 [INFO] Прочитан 056.html: 1312 уникальных токенов, 3632 всего
2026-03-05 15:07:20,650 [INFO] Прочитан 057.html: 1481 уникальных токенов, 3540 всего
2026-03-05 15:07:20,758 [INFO] Прочитан 058.html: 1505 уникальных токенов, 3600 всего
2026-03-05 15:07:20,913 [INFO] Прочитан 059.html: 1475 уникальных токенов, 3553 всего
2026-03-05 15:07:21,035 [INFO] Прочитан 060.html: 1425 уникальных токенов, 3527 всего
2026-03-05 15:07:21,161 [INFO] Прочитан 061.html: 1419 уникальных токенов, 3501 всего
2026-03-05 15:07:21,272 [INFO] Прочитан 062.html: 1556 уникальных токенов, 3689 всего
2026-03-05 15:07:21,397 [INFO] Прочитан 063.html: 1297 уникальных токенов, 3361 всего
2026-03-05 15:07:21,557 [INFO] Прочитан 064.html: 1379 уникальных токенов, 3546 всего
2026-03-05 15:07:21,672 [INFO] Прочитан 065.html: 1358 уникальных токенов, 3456 всего
2026-03-05 15:07:21,806 [INFO] Прочитан 066.html: 1344 уникальных токенов, 3350 всего
2026-03-05 15:07:21,923 [INFO] Прочитан 067.html: 1455 уникальных токенов, 3649 всего
2026-03-05 15:07:22,038 [INFO] Прочитан 068.html: 1336 уникальных токенов, 3344 всего
2026-03-05 15:07:22,200 [INFO] Прочитан 069.html: 1307 уникальных токенов, 3297 всего
2026-03-05 15:07:22,328 [INFO] Прочитан 070.html: 1397 уникальных токенов, 3497 всего
2026-03-05 15:07:22,469 [INFO] Прочитан 071.html: 1585 уникальных токенов, 3850 всего
2026-03-05 15:07:22,595 [INFO] Прочитан 072.html: 1431 уникальных токенов, 3526 всего
2026-03-05 15:07:22,736 [INFO] Прочитан 073.html: 1292 уникальных токенов, 3348 всего
2026-03-05 15:07:22,895 [INFO] Прочитан 074.html: 1448 уникальных токенов, 3546 всего
2026-03-05 15:07:23,011 [INFO] Прочитан 075.html: 1376 уникальных токенов, 3309 всего
2026-03-05 15:07:23,159 [INFO] Прочитан 076.html: 1457 уникальных токенов, 3615 всего
2026-03-05 15:07:23,263 [INFO] Прочитан 077.html: 1458 уникальных токенов, 3584 всего
2026-03-05 15:07:23,375 [INFO] Прочитан 078.html: 1559 уникальных токенов, 3806 всего
2026-03-05 15:07:23,511 [INFO] Прочитан 079.html: 1431 уникальных токенов, 3517 всего
2026-03-05 15:07:23,636 [INFO] Прочитан 080.html: 1432 уникальных токенов, 3536 всего
2026-03-05 15:07:23,757 [INFO] Прочитан 081.html: 1348 уникальных токенов, 3443 всего
2026-03-05 15:07:23,873 [INFO] Прочитан 082.html: 1468 уникальных токенов, 3558 всего
2026-03-05 15:07:23,975 [INFO] Прочитан 083.html: 1249 уникальных токенов, 3052 всего
2026-03-05 15:07:24,114 [INFO] Прочитан 084.html: 1439 уникальных токенов, 3566 всего
2026-03-05 15:07:24,221 [INFO] Прочитан 085.html: 1324 уникальных токенов, 3371 всего
2026-03-05 15:07:24,392 [INFO] Прочитан 086.html: 1569 уникальных токенов, 3832 всего
2026-03-05 15:07:24,522 [INFO] Прочитан 087.html: 1350 уникальных токенов, 3394 всего
2026-03-05 15:07:24,623 [INFO] Прочитан 088.html: 1450 уникальных токенов, 3550 всего
2026-03-05 15:07:24,773 [INFO] Прочитан 089.html: 1399 уникальных токенов, 3557 всего
2026-03-05 15:07:24,878 [INFO] Прочитан 090.html: 1423 уникальных токенов, 3524 всего
2026-03-05 15:07:25,038 [INFO] Прочитан 091.html: 1396 уникальных токенов, 3413 всего
2026-03-05 15:07:25,162 [INFO] Прочитан 092.html: 1475 уникальных токенов, 3616 всего
2026-03-05 15:07:25,278 [INFO] Прочитан 093.html: 1517 уникальных токенов, 3660 всего
2026-03-05 15:07:25,435 [INFO] Прочитан 094.html: 1430 уникальных токенов, 3533 всего
2026-03-05 15:07:25,541 [INFO] Прочитан 095.html: 1480 уникальных токенов, 3646 всего
2026-03-05 15:07:25,671 [INFO] Прочитан 096.html: 1493 уникальных токенов, 3623 всего
2026-03-05 15:07:25,772 [INFO] Прочитан 097.html: 1466 уникальных токенов, 3616 всего
2026-03-05 15:07:25,882 [INFO] Прочитан 098.html: 1664 уникальных токенов, 3930 всего
2026-03-05 15:07:26,053 [INFO] Прочитан 099.html: 1313 уникальных токенов, 3327 всего
2026-03-05 15:07:26,172 [INFO] Прочитан 100.html: 1294 уникальных токенов, 3176 всего
2026-03-05 15:07:26,591 [INFO] Глобальный IDF токенов → /Users/aliyagabdullina/PycharmProjects/OipProject/task4/tokens_idf.txt
2026-03-05 15:07:26,595 [INFO] Глобальный IDF лемм   → /Users/aliyagabdullina/PycharmProjects/OipProject/task4/lemmas_idf.txt
2026-03-05 15:07:26,609 [INFO] Документ 001 обработан
2026-03-05 15:07:26,625 [INFO] Документ 002 обработан
2026-03-05 15:07:26,633 [INFO] Документ 003 обработан
2026-03-05 15:07:26,641 [INFO] Документ 004 обработан
2026-03-05 15:07:26,652 [INFO] Документ 005 обработан
2026-03-05 15:07:26,663 [INFO] Документ 006 обработан
2026-03-05 15:07:26,672 [INFO] Документ 007 обработан
2026-03-05 15:07:26,680 [INFO] Документ 008 обработан
2026-03-05 15:07:26,690 [INFO] Документ 009 обработан
2026-03-05 15:07:26,698 [INFO] Документ 010 обработан
2026-03-05 15:07:26,706 [INFO] Документ 011 обработан
2026-03-05 15:07:26,720 [INFO] Документ 012 обработан
2026-03-05 15:07:26,736 [INFO] Документ 013 обработан
2026-03-05 15:07:26,746 [INFO] Документ 014 обработан
2026-03-05 15:07:26,754 [INFO] Документ 015 обработан
2026-03-05 15:07:26,761 [INFO] Документ 016 обработан
2026-03-05 15:07:26,768 [INFO] Документ 017 обработан
2026-03-05 15:07:26,775 [INFO] Документ 018 обработан
2026-03-05 15:07:26,783 [INFO] Документ 019 обработан
2026-03-05 15:07:26,791 [INFO] Документ 020 обработан
2026-03-05 15:07:26,798 [INFO] Документ 021 обработан
2026-03-05 15:07:26,804 [INFO] Документ 022 обработан
2026-03-05 15:07:26,811 [INFO] Документ 023 обработан
2026-03-05 15:07:26,817 [INFO] Документ 024 обработан
2026-03-05 15:07:26,826 [INFO] Документ 025 обработан
2026-03-05 15:07:26,835 [INFO] Документ 026 обработан
2026-03-05 15:07:26,845 [INFO] Документ 027 обработан
2026-03-05 15:07:26,855 [INFO] Документ 028 обработан
2026-03-05 15:07:26,867 [INFO] Документ 029 обработан
2026-03-05 15:07:26,877 [INFO] Документ 030 обработан
2026-03-05 15:07:26,886 [INFO] Документ 031 обработан
2026-03-05 15:07:26,894 [INFO] Документ 032 обработан
2026-03-05 15:07:26,902 [INFO] Документ 033 обработан
2026-03-05 15:07:26,911 [INFO] Документ 034 обработан
2026-03-05 15:07:26,920 [INFO] Документ 035 обработан
2026-03-05 15:07:26,932 [INFO] Документ 036 обработан
2026-03-05 15:07:26,946 [INFO] Документ 037 обработан
2026-03-05 15:07:26,958 [INFO] Документ 038 обработан
2026-03-05 15:07:26,969 [INFO] Документ 039 обработан
2026-03-05 15:07:26,977 [INFO] Документ 040 обработан
2026-03-05 15:07:26,985 [INFO] Документ 041 обработан
2026-03-05 15:07:26,993 [INFO] Документ 042 обработан
2026-03-05 15:07:27,002 [INFO] Документ 043 обработан
2026-03-05 15:07:27,017 [INFO] Документ 044 обработан
2026-03-05 15:07:27,027 [INFO] Документ 045 обработан
2026-03-05 15:07:27,036 [INFO] Документ 046 обработан
2026-03-05 15:07:27,045 [INFO] Документ 047 обработан
2026-03-05 15:07:27,057 [INFO] Документ 048 обработан
2026-03-05 15:07:27,070 [INFO] Документ 049 обработан
2026-03-05 15:07:27,078 [INFO] Документ 050 обработан
2026-03-05 15:07:27,089 [INFO] Документ 051 обработан
2026-03-05 15:07:27,097 [INFO] Документ 052 обработан
2026-03-05 15:07:27,108 [INFO] Документ 053 обработан
2026-03-05 15:07:27,120 [INFO] Документ 054 обработан
2026-03-05 15:07:27,134 [INFO] Документ 055 обработан
2026-03-05 15:07:27,143 [INFO] Документ 056 обработан
2026-03-05 15:07:27,157 [INFO] Документ 057 обработан
2026-03-05 15:07:27,166 [INFO] Документ 058 обработан
2026-03-05 15:07:27,174 [INFO] Документ 059 обработан
2026-03-05 15:07:27,182 [INFO] Документ 060 обработан
2026-03-05 15:07:27,191 [INFO] Документ 061 обработан
2026-03-05 15:07:27,200 [INFO] Документ 062 обработан
2026-03-05 15:07:27,208 [INFO] Документ 063 обработан
2026-03-05 15:07:27,217 [INFO] Документ 064 обработан
2026-03-05 15:07:27,226 [INFO] Документ 065 обработан
2026-03-05 15:07:27,236 [INFO] Документ 066 обработан
2026-03-05 15:07:27,250 [INFO] Документ 067 обработан
2026-03-05 15:07:27,263 [INFO] Документ 068 обработан
2026-03-05 15:07:27,273 [INFO] Документ 069 обработан
2026-03-05 15:07:27,281 [INFO] Документ 070 обработан
2026-03-05 15:07:27,292 [INFO] Документ 071 обработан
2026-03-05 15:07:27,302 [INFO] Документ 072 обработан
2026-03-05 15:07:27,316 [INFO] Документ 073 обработан
2026-03-05 15:07:27,331 [INFO] Документ 074 обработан
2026-03-05 15:07:27,343 [INFO] Документ 075 обработан
2026-03-05 15:07:27,352 [INFO] Документ 076 обработан
2026-03-05 15:07:27,361 [INFO] Документ 077 обработан
2026-03-05 15:07:27,370 [INFO] Документ 078 обработан
2026-03-05 15:07:27,378 [INFO] Документ 079 обработан
2026-03-05 15:07:27,386 [INFO] Документ 080 обработан
2026-03-05 15:07:27,395 [INFO] Документ 081 обработан
2026-03-05 15:07:27,404 [INFO] Документ 082 обработан
2026-03-05 15:07:27,417 [INFO] Документ 083 обработан
2026-03-05 15:07:27,428 [INFO] Документ 084 обработан
2026-03-05 15:07:27,442 [INFO] Документ 085 обработан
2026-03-05 15:07:27,454 [INFO] Документ 086 обработан
2026-03-05 15:07:27,462 [INFO] Документ 087 обработан
2026-03-05 15:07:27,471 [INFO] Документ 088 обработан
2026-03-05 15:07:27,479 [INFO] Документ 089 обработан
2026-03-05 15:07:27,487 [INFO] Документ 090 обработан
2026-03-05 15:07:27,495 [INFO] Документ 091 обработан
2026-03-05 15:07:27,504 [INFO] Документ 092 обработан
2026-03-05 15:07:27,519 [INFO] Документ 093 обработан
2026-03-05 15:07:27,528 [INFO] Документ 094 обработан
2026-03-05 15:07:27,539 [INFO] Документ 095 обработан
2026-03-05 15:07:27,554 [INFO] Документ 096 обработан
2026-03-05 15:07:27,568 [INFO] Документ 097 обработан
2026-03-05 15:07:27,576 [INFO] Документ 098 обработан
2026-03-05 15:07:27,585 [INFO] Документ 099 обработан
2026-03-05 15:07:27,593 [INFO] Документ 100 обработан
2026-03-05 15:07:27,593 [INFO] ============================================================
2026-03-05 15:07:27,593 [INFO] Готово. Обработано 100 документов.
2026-03-05 15:07:27,593 [INFO] ============================================================
