2026-02-25 22:01:43,218 [INFO] ============================================================
2026-02-25 22:01:43,219 [INFO] Источник: /Users/aliyagabdullina/PycharmProjects/OipProject/task1/pages  (100 файлов)
2026-02-25 22:01:43,219 [INFO] Токены → /Users/aliyagabdullina/PycharmProjects/OipProject/task2/tokens
2026-02-25 22:01:43,219 [INFO] Леммы  → /Users/aliyagabdullina/PycharmProjects/OipProject/task2/lemmas
2026-02-25 22:01:43,219 [INFO] ============================================================
2026-02-25 22:01:43,274 [INFO] Loading dictionaries from /Users/aliyagabdullina/Library/Python/3.9/lib/python/site-packages/pymorphy2_dicts_ru/data
2026-02-25 22:01:43,292 [INFO] format: 2.4, revision: 417127, updated: 2020-10-11T15:05:51.070345
2026-02-25 22:01:43,502 [INFO] 001 → 1458 токенов, 1078 лемм
2026-02-25 22:01:43,685 [INFO] 002 → 1412 токенов, 1060 лемм
2026-02-25 22:01:43,838 [INFO] 003 → 1014 токенов, 776 лемм
2026-02-25 22:01:43,949 [INFO] 004 → 698 токенов, 586 лемм
2026-02-25 22:01:44,144 [INFO] 005 → 1436 токенов, 1072 лемм
2026-02-25 22:01:44,333 [INFO] 006 → 1431 токенов, 1068 лемм
2026-02-25 22:01:44,541 [INFO] 007 → 1527 токенов, 1136 лемм
2026-02-25 22:01:44,725 [INFO] 008 → 1392 токенов, 1035 лемм
2026-02-25 22:01:44,926 [INFO] 009 → 1432 токенов, 1087 лемм
2026-02-25 22:01:45,114 [INFO] 010 → 1488 токенов, 1104 лемм
2026-02-25 22:01:45,121 [INFO] 011 → 57 токенов, 50 лемм
2026-02-25 22:01:45,331 [INFO] 012 → 1551 токенов, 1154 лемм
2026-02-25 22:01:45,490 [INFO] 013 → 1255 токенов, 935 лемм
2026-02-25 22:01:45,666 [INFO] 014 → 1277 токенов, 938 лемм
2026-02-25 22:01:45,788 [INFO] 015 → 834 токенов, 659 лемм
2026-02-25 22:01:45,844 [INFO] 016 → 470 токенов, 413 лемм
2026-02-25 22:01:45,913 [INFO] 017 → 643 токенов, 531 лемм
2026-02-25 22:01:45,985 [INFO] 018 → 685 токенов, 580 лемм
2026-02-25 22:01:46,048 [INFO] 019 → 598 токенов, 518 лемм
2026-02-25 22:01:46,268 [INFO] 020 → 1647 токенов, 1238 лемм
2026-02-25 22:01:46,341 [INFO] 021 → 366 токенов, 332 лемм
2026-02-25 22:01:46,349 [INFO] 022 → 55 токенов, 47 лемм
2026-02-25 22:01:46,356 [INFO] 023 → 55 токенов, 47 лемм
2026-02-25 22:01:46,363 [INFO] 024 → 63 токенов, 53 лемм
2026-02-25 22:01:46,418 [INFO] 025 → 541 токенов, 454 лемм
2026-02-25 22:01:46,589 [INFO] 026 → 1201 токенов, 915 лемм
2026-02-25 22:01:46,773 [INFO] 027 → 1356 токенов, 1017 лемм
2026-02-25 22:01:46,977 [INFO] 028 → 1463 токенов, 1094 лемм
2026-02-25 22:01:47,163 [INFO] 029 → 1358 токенов, 1031 лемм
2026-02-25 22:01:47,363 [INFO] 030 → 1432 токенов, 1105 лемм
2026-02-25 22:01:47,557 [INFO] 031 → 1535 токенов, 1137 лемм
2026-02-25 22:01:47,747 [INFO] 032 → 1459 токенов, 1095 лемм
2026-02-25 22:01:47,947 [INFO] 033 → 1368 токенов, 1012 лемм
2026-02-25 22:01:48,138 [INFO] 034 → 1454 токенов, 1092 лемм
2026-02-25 22:01:48,340 [INFO] 035 → 1442 токенов, 1072 лемм
2026-02-25 22:01:48,523 [INFO] 036 → 1362 токенов, 1028 лемм
2026-02-25 22:01:48,730 [INFO] 037 → 1542 токенов, 1139 лемм
2026-02-25 22:01:48,916 [INFO] 038 → 1401 токенов, 1046 лемм
2026-02-25 22:01:49,108 [INFO] 039 → 1421 токенов, 1049 лемм
2026-02-25 22:01:49,309 [INFO] 040 → 1401 токенов, 1067 лемм
2026-02-25 22:01:49,484 [INFO] 041 → 1270 токенов, 973 лемм
2026-02-25 22:01:49,682 [INFO] 042 → 1366 токенов, 1017 лемм
2026-02-25 22:01:49,868 [INFO] 043 → 1374 токенов, 1033 лемм
2026-02-25 22:01:50,066 [INFO] 044 → 1469 токенов, 1093 лемм
2026-02-25 22:01:50,277 [INFO] 045 → 1460 токенов, 1084 лемм
2026-02-25 22:01:50,470 [INFO] 046 → 1484 токенов, 1105 лемм
2026-02-25 22:01:50,685 [INFO] 047 → 1399 токенов, 1051 лемм
2026-02-25 22:01:50,874 [INFO] 048 → 1394 токенов, 1046 лемм
2026-02-25 22:01:51,070 [INFO] 049 → 1535 токенов, 1132 лемм
2026-02-25 22:01:51,278 [INFO] 050 → 1436 токенов, 1076 лемм
2026-02-25 22:01:51,461 [INFO] 051 → 1305 токенов, 986 лемм
2026-02-25 22:01:51,665 [INFO] 052 → 1467 токенов, 1083 лемм
2026-02-25 22:01:51,854 [INFO] 053 → 1464 токенов, 1083 лемм
2026-02-25 22:01:52,057 [INFO] 054 → 1340 токенов, 1011 лемм
2026-02-25 22:01:52,246 [INFO] 055 → 1435 токенов, 1077 лемм
2026-02-25 22:01:52,430 [INFO] 056 → 1312 токенов, 981 лемм
2026-02-25 22:01:52,637 [INFO] 057 → 1481 токенов, 1131 лемм
2026-02-25 22:01:52,827 [INFO] 058 → 1505 токенов, 1138 лемм
2026-02-25 22:01:53,038 [INFO] 059 → 1475 токенов, 1129 лемм
2026-02-25 22:01:53,230 [INFO] 060 → 1425 токенов, 1041 лемм
2026-02-25 22:01:53,419 [INFO] 061 → 1419 токенов, 1068 лемм
2026-02-25 22:01:53,629 [INFO] 062 → 1556 токенов, 1176 лемм
2026-02-25 22:01:53,808 [INFO] 063 → 1297 токенов, 959 лемм
2026-02-25 22:01:54,008 [INFO] 064 → 1379 токенов, 1045 лемм
2026-02-25 22:01:54,192 [INFO] 065 → 1358 токенов, 1028 лемм
2026-02-25 22:01:54,376 [INFO] 066 → 1344 токенов, 1008 лемм
2026-02-25 22:01:54,585 [INFO] 067 → 1455 токенов, 1059 лемм
2026-02-25 22:01:54,768 [INFO] 068 → 1336 токенов, 1014 лемм
2026-02-25 22:01:54,963 [INFO] 069 → 1307 токенов, 985 лемм
2026-02-25 22:01:55,151 [INFO] 070 → 1397 токенов, 1029 лемм
2026-02-25 22:01:55,348 [INFO] 071 → 1585 токенов, 1175 лемм
2026-02-25 22:01:55,552 [INFO] 072 → 1431 токенов, 1065 лемм
2026-02-25 22:01:55,734 [INFO] 073 → 1292 токенов, 984 лемм
2026-02-25 22:01:55,936 [INFO] 074 → 1448 токенов, 1069 лемм
2026-02-25 22:01:56,123 [INFO] 075 → 1376 токенов, 1049 лемм
2026-02-25 22:01:56,315 [INFO] 076 → 1457 токенов, 1084 лемм
2026-02-25 22:01:56,519 [INFO] 077 → 1458 токенов, 1087 лемм
2026-02-25 22:01:56,715 [INFO] 078 → 1559 токенов, 1147 лемм
2026-02-25 22:01:56,916 [INFO] 079 → 1431 токенов, 1071 лемм
2026-02-25 22:01:57,106 [INFO] 080 → 1432 токенов, 1058 лемм
2026-02-25 22:01:57,303 [INFO] 081 → 1348 токенов, 1008 лемм
2026-02-25 22:01:57,494 [INFO] 082 → 1468 токенов, 1095 лемм
2026-02-25 22:01:57,668 [INFO] 083 → 1249 токенов, 952 лемм
2026-02-25 22:01:57,876 [INFO] 084 → 1439 токенов, 1090 лемм
2026-02-25 22:01:58,063 [INFO] 085 → 1324 токенов, 992 лемм
2026-02-25 22:01:58,275 [INFO] 086 → 1569 токенов, 1183 лемм
2026-02-25 22:01:58,458 [INFO] 087 → 1350 токенов, 1024 лемм
2026-02-25 22:01:58,650 [INFO] 088 → 1450 токенов, 1082 лемм
2026-02-25 22:01:58,856 [INFO] 089 → 1399 токенов, 1054 лемм
2026-02-25 22:01:59,047 [INFO] 090 → 1423 токенов, 1045 лемм
2026-02-25 22:01:59,255 [INFO] 091 → 1396 токенов, 1051 лемм
2026-02-25 22:01:59,446 [INFO] 092 → 1475 токенов, 1115 лемм
2026-02-25 22:01:59,641 [INFO] 093 → 1517 токенов, 1133 лемм
2026-02-25 22:01:59,849 [INFO] 094 → 1430 токенов, 1085 лемм
2026-02-25 22:02:00,042 [INFO] 095 → 1480 токенов, 1104 лемм
2026-02-25 22:02:00,246 [INFO] 096 → 1493 токенов, 1124 лемм
2026-02-25 22:02:00,439 [INFO] 097 → 1466 токенов, 1082 лемм
2026-02-25 22:02:00,657 [INFO] 098 → 1664 токенов, 1229 лемм
2026-02-25 22:02:00,841 [INFO] 099 → 1313 токенов, 1002 лемм
2026-02-25 22:02:01,025 [INFO] 100 → 1294 токенов, 986 лемм
2026-02-25 22:02:01,025 [INFO] ============================================================
2026-02-25 22:02:01,025 [INFO] Готово. Обработано 100 файлов.
2026-02-25 22:02:01,025 [INFO] ============================================================
